k-lunch 급식 정보 인입 프로그램
=========================================================
아래 date값을 현재 날짜와 확인해 주십시오.

Now Date: Sun Aug 04 2019 18:54:47 GMT+0900 (KST)
{ year: 2019,
  month: 8,
  day: '30',
  time: 1,
  name: '부산고등학교',
  phase: 4 }

nut1 데이터 인입 시작
{ '에너지(kcal)': '950.9',
  '탄수화물(g)': '148.3',
  '단백질(g)': '33.7',
  '지방(g)': '21.8',
  '비타민A(R.E)': '223.6',
  '티아민(mg)': '0.5',
  '리보플라빈(mg)': '0.4',
  '비타민C(mg)': '55.1',
  '칼슘(mg)': '127.2',
  '철분(mg)': '5.8' }
nut1 데이터 인입 완료
nut2 데이터 인입 시작
{ '에너지(kcal)': '977.7',
  '탄수화물(g)': '176.4',
  '단백질(g)': '29.8',
  '지방(g)': '13.8',
  '비타민A(R.E)': '353',
  '티아민(mg)': '0.7',
  '리보플라빈(mg)': '0.5',
  '비타민C(mg)': '52.6',
  '칼슘(mg)': '562.7',
  '철분(mg)': '5.6' }
nut2 데이터 인입 완료
nut3 데이터 인입 시작
{ '에너지(kcal)': '1031.6',
  '탄수화물(g)': '141.2',
  '단백질(g)': '47.5',
  '지방(g)': '28.2',
  '비타민A(R.E)': '158.4',
  '티아민(mg)': '0.6',
  '리보플라빈(mg)': '0.5',
  '비타민C(mg)': '17.3',
  '칼슘(mg)': '96.3',
  '철분(mg)': '5.5' }
nut3 데이터 인입 완료
time2 데이터 인입 시작
[ { menu: '백미밥', allergyInfo: '' },
  { menu: '자장소스',
    allergyInfo: [ '2', '5', '6', '10', '13', '18' ] },
  { menu: '누룽지해물탕수육(고)',
    allergyInfo: [ '1', '5', '6', '9', '10', '12', '13', '17' ] },
  { menu: '피망잡채',
    allergyInfo: [ '1', '5', '6', '8', '10', '13', '16', '18' ] },
  { menu: '오이양파생채', allergyInfo: [ '5', '6', '13', '18' ] },
  { menu: '단무지', allergyInfo: '' } ]
time2 데이터 인입 완료
time1 데이터 인입 시작
[ { menu: '햄볶음밥(고)', allergyInfo: [ '2', '5', '6', '10', '13' ] },
  { menu: '옥수수스프', allergyInfo: [ '2', '5', '6', '13', '16' ] },
  { menu: '참치허브까스', allergyInfo: [ '1', '5', '6', '13' ] },
  { menu: '앙버터빵(고)', allergyInfo: [ '1', '2', '5', '6', '13' ] },
  { menu: '배추김치', allergyInfo: [ '9', '13' ] },
  { menu: '바나나샐러드', allergyInfo: [ '1', '5', '11', '13' ] },
  { menu: '요구르트라이트(ml)-저당', allergyInfo: [ '65ml)-저당2' ] } ]
time1 데이터 인입 완료
time3 데이터 인입 시작
[ { menu: '율무밥', allergyInfo: '' },
  { menu: '녹두삼계탕(초)', allergyInfo: [ '13', '15' ] },
  { menu: '콩나물무침', allergyInfo: [ '5' ] },
  { menu: '흰살생선까스(고)',
    allergyInfo: [ '1', '5', '6', '13', '18' ] },
  { menu: '도라지일미무침', allergyInfo: [ '5', '6', '13', '17' ] },
  { menu: '배추김치', allergyInfo: [ '9', '13' ] } ]
time3 데이터 인입 완료
